N = 6000000, DISTRIBUTION: 0, K: 128
initing data by random
Sort[0]: 213.377
Assign[0]: 56.995
Bindex data min: 0  max: 5999999
Set areaStartValues[0]: 0.025
Build FV[0]: 375.853
Sort[1]: 245.54
Assign[1]: 57.116
Bindex data min: 0  max: 5999999
Set areaStartValues[1]: 0.025
Build FV[1]: 403.778
Sort[2]: 225.357
Assign[2]: 57.623
Bindex data min: 0  max: 5999999
Set areaStartValues[2]: 0.026
Build FV[2]: 398.044
[Mem] Uniform Encoding CPU memery used(MB): 3.77344
[Mem] Sieve Bit Vector used(MB): 382
[OptiX]initializeOptix begin...
data num:                   6000000
aabb_width                  5000.000000
ray_interval                5000.000000
[OptiX] range: 0 5999999 0 5999999 0 5999999 
epsilon: 0
Final GAS size: 96.390015 MB
[Time] initializeOptix: 432.953 ms
[Time] transferBasicData: 12.282 ms
[OptiX]initializeOptix end
[Mem] RT used(MB): 256
[Mem] Result Bit Vector used(MB): 2
[LOG] Number of queries: 11
input [operator] [target_l] [target_r] (1/3)
lt 0
input [operator] [target_l] [target_r] (2/3)
lt 0
input [operator] [target_l] [target_r] (3/3)
lt 0
input [operator] [target_l] [target_r] (1/3)
lt 10000000
input [operator] [target_l] [target_r] (2/3)
lt 10000000
input [operator] [target_l] [target_r] (3/3)
lt 10000000
input [operator] [target_l] [target_r] (1/3)
lt 20000000
input [operator] [target_l] [target_r] (2/3)
lt 20000000
input [operator] [target_l] [target_r] (3/3)
lt 20000000
input [operator] [target_l] [target_r] (1/3)
lt 30000000
input [operator] [target_l] [target_r] (2/3)
lt 30000000
input [operator] [target_l] [target_r] (3/3)
lt 30000000
input [operator] [target_l] [target_r] (1/3)
lt 40000000
input [operator] [target_l] [target_r] (2/3)
lt 40000000
input [operator] [target_l] [target_r] (3/3)
lt 40000000
input [operator] [target_l] [target_r] (1/3)
lt 50000000
input [operator] [target_l] [target_r] (2/3)
lt 50000000
input [operator] [target_l] [target_r] (3/3)
lt 50000000
input [operator] [target_l] [target_r] (1/3)
lt 60000000
input [operator] [target_l] [target_r] (2/3)
lt 60000000
input [operator] [target_l] [target_r] (3/3)
lt 60000000
input [operator] [target_l] [target_r] (1/3)
lt 70000000
input [operator] [target_l] [target_r] (2/3)
lt 70000000
input [operator] [target_l] [target_r] (3/3)
lt 70000000
input [operator] [target_l] [target_r] (1/3)
lt 80000000
input [operator] [target_l] [target_r] (2/3)
lt 80000000
input [operator] [target_l] [target_r] (3/3)
lt 80000000
input [operator] [target_l] [target_r] (1/3)
lt 90000000
input [operator] [target_l] [target_r] (2/3)
lt 90000000
input [operator] [target_l] [target_r] (3/3)
lt 90000000
input [operator] [target_l] [target_r] (1/3)
lt 100000000
input [operator] [target_l] [target_r] (2/3)
lt 100000000
input [operator] [target_l] [target_r] (3/3)
lt 100000000
###########   Major Time  ##########
[Time] uniform encoding: 0 ms
[Time] build sieve bit vector: 2095.49 ms
[Time] initialize RT: 474.692 ms
[Time] encode query: 0 ms
[Time] transfer sieve bit vector: 32.5979 ms
####################################
[INFO] 0 face merge, other skipped.
0 < x < 0
0 < x < 0
0 < x < 0
[INFO] 0 face scan, other skipped.
[INFO] 0 face scan skipped for the same compares[0] and compares[1].

###########   Time  ##########
[Time] query to ray (ray building): 0.00610352 ms
[Time] data sieving: 0.165039 ms
[Time] merge: 0.0200195 ms
[Time] refine: 0.00512695 ms
[Time] total scan: 0.303955 ms
[Time] transfer result back to memory: 0.229004 ms
[Time] total time: 0.532959 ms
##############################

[CHECK]hit 0/0
[CHECK] check final result done.

[INFO] merge face 0 skipped, set it to 0xFF
[INFO] 0 face merge skipped.
[INFO] 1 face merge skipped.
[INFO] 2 face merge skipped.
0 < x < 10000000
0 < x < 10000000
0 < x < 10000000
[INFO] 0 face scan skipped.
[INFO] 1 face scan skipped.
[INFO] 2 face scan skipped.
total selectivity: 0.000000

###########   Time  ##########
[Time] query to ray (ray building): 0.00683594 ms
[Time] data sieving: 0.177002 ms
[Time] merge: 0.0187988 ms
[Time] refine: 0.0078125 ms
[Time] total scan: 0.294922 ms
[Time] transfer result back to memory: 0.24292 ms
[Time] total time: 0.537842 ms
##############################

[CHECK]hit 6000000/6000000
[CHECK] check final result done.

[INFO] merge face 0 skipped, set it to 0xFF
[INFO] 0 face merge skipped.
[INFO] 1 face merge skipped.
[INFO] 2 face merge skipped.
0 < x < 20000000
0 < x < 20000000
0 < x < 20000000
[INFO] 0 face scan skipped.
[INFO] 1 face scan skipped.
[INFO] 2 face scan skipped.
total selectivity: 0.000000

###########   Time  ##########
[Time] query to ray (ray building): 0.019043 ms
[Time] data sieving: 0.130127 ms
[Time] merge: 0.0119629 ms
[Time] refine: 0.0158691 ms
[Time] total scan: 0.249023 ms
[Time] transfer result back to memory: 0.230957 ms
[Time] total time: 0.47998 ms
##############################

[CHECK]hit 6000000/6000000
[CHECK] check final result done.

[INFO] merge face 0 skipped, set it to 0xFF
[INFO] 0 face merge skipped.
[INFO] 1 face merge skipped.
[INFO] 2 face merge skipped.
0 < x < 30000000
0 < x < 30000000
0 < x < 30000000
[INFO] 0 face scan skipped.
[INFO] 1 face scan skipped.
[INFO] 2 face scan skipped.
total selectivity: 0.000000

###########   Time  ##########
[Time] query to ray (ray building): 0.0100098 ms
[Time] data sieving: 0.172119 ms
[Time] merge: 0.0158691 ms
[Time] refine: 0.00610352 ms
[Time] total scan: 0.28418 ms
[Time] transfer result back to memory: 0.23999 ms
[Time] total time: 0.52417 ms
##############################

[CHECK]hit 6000000/6000000
[CHECK] check final result done.

[INFO] merge face 0 skipped, set it to 0xFF
[INFO] 0 face merge skipped.
[INFO] 1 face merge skipped.
[INFO] 2 face merge skipped.
0 < x < 40000000
0 < x < 40000000
0 < x < 40000000
[INFO] 0 face scan skipped.
[INFO] 1 face scan skipped.
[INFO] 2 face scan skipped.
total selectivity: 0.000000

###########   Time  ##########
[Time] query to ray (ray building): 0.0239258 ms
[Time] data sieving: 0.130859 ms
[Time] merge: 0.0161133 ms
[Time] refine: 0.0209961 ms
[Time] total scan: 0.265869 ms
[Time] transfer result back to memory: 0.217041 ms
[Time] total time: 0.48291 ms
##############################

[CHECK]hit 6000000/6000000
[CHECK] check final result done.

[INFO] merge face 0 skipped, set it to 0xFF
[INFO] 0 face merge skipped.
[INFO] 1 face merge skipped.
[INFO] 2 face merge skipped.
0 < x < 50000000
0 < x < 50000000
0 < x < 50000000
[INFO] 0 face scan skipped.
[INFO] 1 face scan skipped.
[INFO] 2 face scan skipped.
total selectivity: 0.000000

###########   Time  ##########
[Time] query to ray (ray building): 0.0109863 ms
[Time] data sieving: 0.12915 ms
[Time] merge: 0.0109863 ms
[Time] refine: 0.00683594 ms
[Time] total scan: 0.243164 ms
[Time] transfer result back to memory: 0.239014 ms
[Time] total time: 0.482178 ms
##############################

[CHECK]hit 6000000/6000000
[CHECK] check final result done.

[INFO] merge face 0 skipped, set it to 0xFF
[INFO] 0 face merge skipped.
[INFO] 1 face merge skipped.
[INFO] 2 face merge skipped.
0 < x < 60000000
0 < x < 60000000
0 < x < 60000000
[INFO] 0 face scan skipped.
[INFO] 1 face scan skipped.
[INFO] 2 face scan skipped.
total selectivity: 0.000000

###########   Time  ##########
[Time] query to ray (ray building): 0.00610352 ms
[Time] data sieving: 0.160156 ms
[Time] merge: 0.00805664 ms
[Time] refine: 0.00585938 ms
[Time] total scan: 0.26416 ms
[Time] transfer result back to memory: 0.244873 ms
[Time] total time: 0.509033 ms
##############################

[CHECK]hit 6000000/6000000
[CHECK] check final result done.

[INFO] merge face 0 skipped, set it to 0xFF
[INFO] 0 face merge skipped.
[INFO] 1 face merge skipped.
[INFO] 2 face merge skipped.
0 < x < 70000000
0 < x < 70000000
0 < x < 70000000
[INFO] 0 face scan skipped.
[INFO] 1 face scan skipped.
[INFO] 2 face scan skipped.
total selectivity: 0.000000

###########   Time  ##########
[Time] query to ray (ray building): 0.00805664 ms
[Time] data sieving: 0.139893 ms
[Time] merge: 0.0090332 ms
[Time] refine: 0.00585938 ms
[Time] total scan: 0.244141 ms
[Time] transfer result back to memory: 0.24585 ms
[Time] total time: 0.48999 ms
##############################

[CHECK]hit 6000000/6000000
[CHECK] check final result done.

[INFO] merge face 0 skipped, set it to 0xFF
[INFO] 0 face merge skipped.
[INFO] 1 face merge skipped.
[INFO] 2 face merge skipped.
0 < x < 80000000
0 < x < 80000000
0 < x < 80000000
[INFO] 0 face scan skipped.
[INFO] 1 face scan skipped.
[INFO] 2 face scan skipped.
total selectivity: 0.000000

###########   Time  ##########
[Time] query to ray (ray building): 0.00610352 ms
[Time] data sieving: 0.11792 ms
[Time] merge: 0.0100098 ms
[Time] refine: 0.00610352 ms
[Time] total scan: 0.238037 ms
[Time] transfer result back to memory: 0.22998 ms
[Time] total time: 0.468018 ms
##############################

[CHECK]hit 6000000/6000000
[CHECK] check final result done.

[INFO] merge face 0 skipped, set it to 0xFF
[INFO] 0 face merge skipped.
[INFO] 1 face merge skipped.
[INFO] 2 face merge skipped.
0 < x < 90000000
0 < x < 90000000
0 < x < 90000000
[INFO] 0 face scan skipped.
[INFO] 1 face scan skipped.
[INFO] 2 face scan skipped.
total selectivity: 0.000000

###########   Time  ##########
[Time] query to ray (ray building): 0.00708008 ms
[Time] data sieving: 0.166016 ms
[Time] merge: 0.0119629 ms
[Time] refine: 0.00683594 ms
[Time] total scan: 0.25415 ms
[Time] transfer result back to memory: 0.263916 ms
[Time] total time: 0.518066 ms
##############################

[CHECK]hit 6000000/6000000
[CHECK] check final result done.

[INFO] merge face 0 skipped, set it to 0xFF
[INFO] 0 face merge skipped.
[INFO] 1 face merge skipped.
[INFO] 2 face merge skipped.
0 < x < 100000000
0 < x < 100000000
0 < x < 100000000
[INFO] 0 face scan skipped.
[INFO] 1 face scan skipped.
[INFO] 2 face scan skipped.
total selectivity: 0.000000

###########   Time  ##########
[Time] query to ray (ray building): 0.026123 ms
[Time] data sieving: 0.146973 ms
[Time] merge: 0.0229492 ms
[Time] refine: 0.0229492 ms
[Time] total scan: 0.226074 ms
[Time] transfer result back to memory: 0.289795 ms
[Time] total time: 0.515869 ms
##############################

[CHECK]hit 6000000/6000000
[CHECK] check final result done.

