SSB Q1.2 took 48 msecs to populate index on CPU
SSB Q1.2 took 32 msecs to compress index on CPU
SSB Q1.2 took 9 msecs to populate index on GPU
SSB Q1.2 took 2 msecs to compress index on GPU
SSB Q2.3 took 58 msecs to populate index on CPU
SSB Q2.3 took 14 msecs to compress index on CPU
SSB Q2.3 took 25 msecs to populate index on GPU
SSB Q2.3 took 1 msecs to compress index on GPU
SSB Q3.4 took 61 msecs to populate index on CPU
SSB Q3.4 took 4 msecs to compress index on CPU
SSB Q3.4 took 17 msecs to populate index on GPU
SSB Q3.4 took 4 msecs to compress index on GPU
SSB Q4.1 took 86 msecs to populate index on CPU
SSB Q4.1 took 53 msecs to compress index on CPU
SSB Q4.1 took 32 msecs to populate index on GPU
SSB Q4.1 took 3 msecs to compress index on GPU
TPCH Q3 took 90 msecs to populate index on CPU
TPCH Q3 took 74 msecs to compress index on CPU
TPCH Q3 took 23 msecs to populate index on GPU
TPCH Q3 took 3 msecs to compress index on GPU
TPCH Q6 took 49 msecs to populate index on CPU
TPCH Q6 took 34 msecs to compress index on CPU
TPCH Q6 took 10 msecs to populate index on GPU
TPCH Q6 took 2 msecs to compress index on GPU
TPCH Q12 took 33 msecs to populate index on CPU
TPCH Q12 took 21 msecs to compress index on CPU
TPCH Q12 took 6 msecs to populate index on GPU
TPCH Q12 took 2 msecs to compress index on GPU
TPCH Q17 took 265 msecs to populate index on CPU
TPCH Q17 took 13 msecs to compress index on CPU
TPCH Q17 took 98 msecs to populate index on GPU
TPCH Q17 took 2 msecs to compress index on GPU
